<?xml version="1.0" encoding="UTF-8" standalone="yes"?><!DOCTYPE report PUBLIC "-//JACOCO//DTD Report 1.1//EN" "report.dtd"><report name="math-work"><sessioninfo id="Evleen-1357bb" start="1602229623463" dump="1602229625499"/><package name="com/sapient/math"><class name="com/sapient/math/MathService" sourcefilename="MathService.java"><method name="&lt;init&gt;" desc="()V" line="6"><counter type="INSTRUCTION" missed="0" covered="3"/><counter type="LINE" missed="0" covered="1"/><counter type="COMPLEXITY" missed="0" covered="1"/><counter type="METHOD" missed="0" covered="1"/></method><method name="isPrime" desc="(I)Ljava/lang/String;" line="8"><counter type="INSTRUCTION" missed="2" covered="26"/><counter type="BRANCH" missed="1" covered="7"/><counter type="LINE" missed="0" covered="10"/><counter type="COMPLEXITY" missed="1" covered="4"/><counter type="METHOD" missed="0" covered="1"/></method><method name="factorial" desc="(I)I" line="26"><counter type="INSTRUCTION" missed="0" covered="15"/><counter type="BRANCH" missed="0" covered="2"/><counter type="LINE" missed="0" covered="4"/><counter type="COMPLEXITY" missed="0" covered="2"/><counter type="METHOD" missed="0" covered="1"/></method><method name="fibonacci" desc="(I)I" line="34"><counter type="INSTRUCTION" missed="0" covered="44"/><counter type="BRANCH" missed="1" covered="5"/><counter type="LINE" missed="0" covered="9"/><counter type="COMPLEXITY" missed="1" covered="3"/><counter type="METHOD" missed="0" covered="1"/></method><method name="getPrimes" desc="(II)Ljava/util/List;" line="58"><counter type="INSTRUCTION" missed="1" covered="53"/><counter type="BRANCH" missed="1" covered="13"/><counter type="LINE" missed="1" covered="15"/><counter type="COMPLEXITY" missed="1" covered="7"/><counter type="METHOD" missed="0" covered="1"/></method><counter type="INSTRUCTION" missed="3" covered="141"/><counter type="BRANCH" missed="3" covered="27"/><counter type="LINE" missed="1" covered="39"/><counter type="COMPLEXITY" missed="3" covered="17"/><counter type="METHOD" missed="0" covered="5"/><counter type="CLASS" missed="0" covered="1"/></class><sourcefile name="MathService.java"><line nr="6" mi="0" ci="3" mb="0" cb="0"/><line nr="8" mi="0" ci="2" mb="0" cb="2"/><line nr="9" mi="0" ci="2" mb="0" cb="0"/><line nr="10" mi="0" ci="2" mb="0" cb="0"/><line nr="11" mi="2" ci="7" mb="0" cb="2"/><line nr="13" mi="0" ci="4" mb="1" cb="1"/><line nr="14" mi="0" ci="2" mb="0" cb="0"/><line nr="15" mi="0" ci="1" mb="0" cb="0"/><line nr="18" mi="0" ci="2" mb="0" cb="2"/><line nr="19" mi="0" ci="2" mb="0" cb="0"/><line nr="21" mi="0" ci="2" mb="0" cb="0"/><line nr="26" mi="0" ci="2" mb="0" cb="0"/><line nr="27" mi="0" ci="7" mb="0" cb="2"/><line nr="28" mi="0" ci="4" mb="0" cb="0"/><line nr="30" mi="0" ci="2" mb="0" cb="0"/><line nr="34" mi="0" ci="2" mb="0" cb="2"/><line nr="35" mi="0" ci="2" mb="0" cb="0"/><line nr="36" mi="0" ci="5" mb="0" cb="0"/><line nr="40" mi="0" ci="4" mb="0" cb="0"/><line nr="42" mi="0" ci="2" mb="1" cb="1"/><line nr="43" mi="0" ci="4" mb="0" cb="0"/><line nr="45" mi="0" ci="7" mb="0" cb="2"/><line nr="47" mi="0" ci="14" mb="0" cb="0"/><line nr="51" mi="0" ci="4" mb="0" cb="0"/><line nr="58" mi="0" ci="4" mb="0" cb="0"/><line nr="59" mi="0" ci="3" mb="0" cb="2"/><line nr="60" mi="0" ci="2" mb="0" cb="0"/><line nr="61" mi="0" ci="2" mb="0" cb="0"/><line nr="62" mi="0" ci="2" mb="0" cb="0"/><line nr="64" mi="0" ci="7" mb="0" cb="2"/><line nr="67" mi="0" ci="5" mb="1" cb="3"/><line nr="68" mi="1" ci="0" mb="0" cb="0"/><line nr="72" mi="0" ci="2" mb="0" cb="0"/><line nr="74" mi="0" ci="9" mb="0" cb="2"/><line nr="75" mi="0" ci="4" mb="0" cb="2"/><line nr="76" mi="0" ci="2" mb="0" cb="0"/><line nr="77" mi="0" ci="1" mb="0" cb="0"/><line nr="83" mi="0" ci="3" mb="0" cb="2"/><line nr="84" mi="0" ci="5" mb="0" cb="0"/><line nr="86" mi="0" ci="2" mb="0" cb="0"/><counter type="INSTRUCTION" missed="3" covered="141"/><counter type="BRANCH" missed="3" covered="27"/><counter type="LINE" missed="1" covered="39"/><counter type="COMPLEXITY" missed="3" covered="17"/><counter type="METHOD" missed="0" covered="5"/><counter type="CLASS" missed="0" covered="1"/></sourcefile><counter type="INSTRUCTION" missed="3" covered="141"/><counter type="BRANCH" missed="3" covered="27"/><counter type="LINE" missed="1" covered="39"/><counter type="COMPLEXITY" missed="3" covered="17"/><counter type="METHOD" missed="0" covered="5"/><counter type="CLASS" missed="0" covered="1"/></package><counter type="INSTRUCTION" missed="3" covered="141"/><counter type="BRANCH" missed="3" covered="27"/><counter type="LINE" missed="1" covered="39"/><counter type="COMPLEXITY" missed="3" covered="17"/><counter type="METHOD" missed="0" covered="5"/><counter type="CLASS" missed="0" covered="1"/></report>