<?xml version="1.0" encoding="UTF-8"?>
<testsuite xmlns:xsi="http://www.w3.org/2001/XMLSchema-instance" xsi:noNamespaceSchemaLocation="https://maven.apache.org/surefire/maven-surefire-plugin/xsd/surefire-test-report-3.0.xsd" version="3.0" name="com.sapient.math.TestMathService" time="0.208" tests="8" errors="0" skipped="0" failures="0">
  <properties>
[...]
</properties>
  <testcase name="testIsPrimeFour" classname="com.sapient.math.TestMathService" time="0.107"/>
  <testcase name="testFactorialTwo" classname="com.sapient.math.TestMathService" time="0.001"/>
  <testcase name="testFibonacciNine" classname="com.sapient.math.TestMathService" time="0.002"/>
  <testcase name="testgetPrimesNormal" classname="com.sapient.math.TestMathService" time="0.003"/>
  <testcase name="testFibonacciNegative" classname="com.sapient.math.TestMathService" time="0.006"/>
  <testcase name="testIsPrimeNegative" classname="com.sapient.math.TestMathService" time="0.004"/>
  <testcase name="testgetPrimesReverse" classname="com.sapient.math.TestMathService" time="0.002"/>
  <testcase name="testIsPrimeThree" classname="com.sapient.math.TestMathService" time="0.002"/>
</testsuite>